生成启动时间为 2015/9/22 17:32:00。
     1>项目“C:\Users\Administrator\Documents\Visual Studio 2010\Projects\5structure_exercise5\5structure_exercise5\5structure_exercise5.vcxproj”在节点 2 上(build 个目标)。
     1>InitializeBuildStatus:
         正在创建“Debug\5structure_exercise5.unsuccessfulbuild”，因为已指定“AlwaysCreate”。
       ClCompile:
         C:\Program Files (x86)\Microsoft Visual Studio 10.0\VC\bin\CL.exe /c /ZI /nologo /W3 /WX- /Od /Oy- /D WIN32 /D _DEBUG /D _CONSOLE /D _UNICODE /D UNICODE /Gm /EHsc /RTC1 /MDd /GS /fp:precise /Zc:wchar_t /Zc:forScope /Fo"Debug\\" /Fd"Debug\vc100.pdb" /Gd /TP /analyze- /errorReport:prompt bidhistory.cpp
         bidhistory.cpp
       ManifestResourceCompile:
         所有输出均为最新。
       Link:
         C:\Program Files (x86)\Microsoft Visual Studio 10.0\VC\bin\link.exe /ERRORREPORT:PROMPT /OUT:"C:\Users\Administrator\Documents\Visual Studio 2010\Projects\5structure_exercise5\Debug\5structure_exercise5.exe" /INCREMENTAL /NOLOGO ws2_32.lib kernel32.lib user32.lib gdi32.lib winspool.lib comdlg32.lib advapi32.lib shell32.lib ole32.lib oleaut32.lib uuid.lib odbc32.lib odbccp32.lib /MANIFEST /ManifestFile:"Debug\5structure_exercise5.exe.intermediate.manifest" /MANIFESTUAC:"level='asInvoker' uiAccess='false'" /DEBUG /PDB:"C:\Users\Administrator\Documents\Visual Studio 2010\Projects\5structure_exercise5\Debug\5structure_exercise5.pdb" /SUBSYSTEM:CONSOLE /TLBID:1 /DYNAMICBASE /NXCOMPAT /IMPLIB:"C:\Users\Administrator\Documents\Visual Studio 2010\Projects\5structure_exercise5\Debug\5structure_exercise5.lib" /MACHINE:X86 Debug\5structure_exercise5.exe.embed.manifest.res
         Debug\advertisement.obj
         Debug\bid.obj
         Debug\bidhistory.obj
         Debug\buildbidpage.obj
         Debug\buildpage.obj
         Debug\categories.obj
         Debug\category.obj
         Debug\client.obj
         Debug\date.obj
         Debug\group.obj
         Debug\listing.obj
         Debug\main.obj
         Debug\processrequest.obj
       Manifest:
         C:\Program Files (x86)\Microsoft SDKs\Windows\v7.0A\bin\mt.exe /nologo /verbose /out:"Debug\5structure_exercise5.exe.embed.manifest" /manifest Debug\5structure_exercise5.exe.intermediate.manifest
         所有输出均为最新。
       LinkEmbedManifest:
         所有输出均为最新。
         5structure_exercise5.vcxproj -> C:\Users\Administrator\Documents\Visual Studio 2010\Projects\5structure_exercise5\Debug\5structure_exercise5.exe
       FinalizeBuildStatus:
         正在删除文件“Debug\5structure_exercise5.unsuccessfulbuild”。
         正在对“Debug\5structure_exercise5.lastbuildstate”执行 Touch 任务。
     1>已完成生成项目“C:\Users\Administrator\Documents\Visual Studio 2010\Projects\5structure_exercise5\5structure_exercise5\5structure_exercise5.vcxproj”(build 个目标)的操作。

生成成功。

已用时间 00:00:00.89
